<?xml version="1.0" encoding="UTF-8"?>
<testsuite name="FindBookByTitleAndAuthorTest" tests="7" skipped="0" failures="0" errors="0" timestamp="2025-03-24T20:23:14" hostname="Raphaels-MacBook-Pro.local" time="0.015">
  <properties/>
  <testcase name="testIsBookInLibraryByTitleAndAuthor_nonExistingTitle_returnsFalse()" classname="FindBookByTitleAndAuthorTest" time="0.008"/>
  <testcase name="testIsBookInLibraryByTitleAndAuthor_allBooksExist_returnsTrue()" classname="FindBookByTitleAndAuthorTest" time="0.002"/>
  <testcase name="testIsBookInLibraryByTitleAndAuthor_emptyTitle_returnsFalse()" classname="FindBookByTitleAndAuthorTest" time="0.001"/>
  <testcase name="testIsBookInLibraryByTitleAndAuthor_nullAuthor_returnsFalse()" classname="FindBookByTitleAndAuthorTest" time="0.0"/>
  <testcase name="testIsBookInLibraryByTitleAndAuthor_nullTitle_returnsFalse()" classname="FindBookByTitleAndAuthorTest" time="0.0"/>
  <testcase name="testIsBookInLibraryByTitleAndAuthor_emptyAuthor_returnsFalse()" classname="FindBookByTitleAndAuthorTest" time="0.001"/>
  <testcase name="testIsBookInLibraryByTitleAndAuthor_nonExistingAuthor_returnsFalse()" classname="FindBookByTitleAndAuthorTest" time="0.001"/>
  <system-out><![CDATA[]]></system-out>
  <system-err><![CDATA[]]></system-err>
</testsuite>
